date: 2013-10-13 23:34:21.482
argv: node /Users/jason/nvm/v0.8.14/bin/hexo server
os: Darwin 12.5.0 darwin x64
version:
  hexo: 2.1.0
  http_parser: 1.0
  node: 0.8.14
  v8: 3.11.10.25
  ares: 1.7.5-DEV
  uv: 0.8
  zlib: 1.2.3
  openssl: 1.0.0f
---

[debug] 23:34:20.610 Configuration file load successfully
[debug] 23:34:20.611 Version info checked successfully
[debug] 23:34:20.613 Plugin loaded successfully: hexo-generator-feed
[debug] 23:34:20.615 Plugin loaded successfully: hexo-generator-sitemap
[error] 23:34:20.616 Plugin load failed: hexo-tag-vimhighlight
[debug] 23:34:20.616 Loading the database...
[debug] 23:34:20.835 Theme layout loaded
[debug] 23:34:20.861 Processed: favicon.ico
[debug] 23:34:20.873 Theme source loaded
[debug] 23:34:20.873 Start watching theme source...
[debug] 23:34:20.873 Start watching theme layout...
[debug] 23:34:20.888 Theme configuration loaded
[debug] 23:34:20.889 Theme i18n loaded
[error] 23:34:21.479 TypeError: Cannot read property '1' of undefined
TypeError: Cannot read property '1' of undefined
    at /Users/jason/nvm/v0.8.14/lib/node_modules/hexo/lib/plugins/filter/backtick_code_block.js:32:27
    at String.replace (native)
    at module.exports (/Users/jason/nvm/v0.8.14/lib/node_modules/hexo/lib/plugins/filter/backtick_code_block.js:13:31)
    at module.exports.async.series.data.content.data.content.replace.tabs (/Users/jason/nvm/v0.8.14/lib/node_modules/hexo/lib/post/render.js:73:9)
    at async.eachSeries.iterate (/Users/jason/nvm/v0.8.14/lib/node_modules/hexo/node_modules/async/lib/async.js:131:13)
    at Object.async.eachSeries (/Users/jason/nvm/v0.8.14/lib/node_modules/hexo/node_modules/async/lib/async.js:147:9)
    at module.exports.async.series.data.content.data.content.replace.tabs (/Users/jason/nvm/v0.8.14/lib/node_modules/hexo/lib/post/render.js:72:13)
    at async.series.results (/Users/jason/nvm/v0.8.14/lib/node_modules/hexo/node_modules/async/lib/async.js:548:21)
    at _asyncMap (/Users/jason/nvm/v0.8.14/lib/node_modules/hexo/node_modules/async/lib/async.js:224:13)
    at async.eachSeries.iterate (/Users/jason/nvm/v0.8.14/lib/node_modules/hexo/node_modules/async/lib/async.js:131:13)
